<beans xmlns="http://www.springframework.org/schema/beans"
       xmlns:xsi="http://www.w3.org/2001/XMLSchema-instance"
       xmlns:mvc="http://www.springframework.org/schema/mvc"
       xmlns:context="http://www.springframework.org/schema/context"
       xmlns:jdbc="http://www.springframework.org/schema/jdbc"
       xsi:schemaLocation="http://www.springframework.org/schema/mvc
        http://www.springframework.org/schema/mvc/spring-mvc.xsd
        http://www.springframework.org/schema/beans
        http://www.springframework.org/schema/beans/spring-beans.xsd
        http://www.springframework.org/schema/context
        http://www.springframework.org/schema/jdbc/spring-jdbc.xsd
        http://www.springframework.org/schema/context/spring-context.xsd">

    <context:component-scan base-package="com.epam.brest.*"/>
    <bean id="namedParameterJdbcTemplate" class="org.springframework.jdbc.core.namedparam.NamedParameterJdbcTemplate">
        <constructor-arg ref="dataSource"/>
    </bean>


    <bean name="clientDAO" class="com.epam.brest.dao.ClientDAOJDBCImpl">
        <constructor-arg name="dataSource" ref="dataSource"/>
    </bean>

    <jdbc:initialize-database data-source="dataSource">
        <jdbc:script location="classpath*:create-db.sql"/>
        <jdbc:script location="classpath*:init-db.sql"/>
    </jdbc:initialize-database>

</beans>